# JRE version: Java(TM) SE Runtime Environment (9.0+11) (build 9.0.4+11)
# Java VM: Java HotSpot(TM) 64-Bit Server VM (9.0.4+11, mixed mode, tiered, compressed oops, g1 gc, windows-amd64)
Heap:
 garbage-first heap   total 340992K, used 129759K [0x0000000700000000, 0x0000000700100a68, 0x00000007c0000000)
  region size 1024K, 25 young (25600K), 3 survivors (3072K)
 Metaspace       used 91085K, capacity 97291K, committed 97480K, reserved 1132544K
  class space    used 12819K, capacity 13898K, committed 14024K, reserved 1048576K
GC Heap History (10 events):
Event: 1829.065 GC heap before
{Heap before GC invocations=333 (full 22):
 garbage-first heap   total 340992K, used 167295K [0x0000000700000000, 0x0000000700100a68, 0x00000007c0000000)
  region size 1024K, 60 young (61440K), 1 survivors (1024K)
 Metaspace       used 91023K, capacity 97227K, committed 97480K, reserved 1132544K
  class space    used 12819K, capacity 13898K, committed 14024K, reserved 1048576K
}
Event: 1829.069 GC heap after
{Heap after GC invocations=334 (full 22):
 garbage-first heap   total 340992K, used 106854K [0x0000000700000000, 0x0000000700100a68, 0x00000007c0000000)
  region size 1024K, 1 young (1024K), 1 survivors (1024K)
 Metaspace       used 91023K, capacity 97227K, committed 97480K, reserved 1132544K
  class space    used 12819K, capacity 13898K, committed 14024K, reserved 1048576K
}
Event: 1831.126 GC heap before
{Heap before GC invocations=334 (full 22):
 garbage-first heap   total 340992K, used 167270K [0x0000000700000000, 0x0000000700100a68, 0x00000007c0000000)
  region size 1024K, 60 young (61440K), 1 survivors (1024K)
 Metaspace       used 91024K, capacity 97227K, committed 97480K, reserved 1132544K
  class space    used 12819K, capacity 13898K, committed 14024K, reserved 1048576K
}
Event: 1831.129 GC heap after
{Heap after GC invocations=335 (full 22):
 garbage-first heap   total 340992K, used 106882K [0x0000000700000000, 0x0000000700100a68, 0x00000007c0000000)
  region size 1024K, 1 young (1024K), 1 survivors (1024K)
 Metaspace       used 91024K, capacity 97227K, committed 97480K, reserved 1132544K
  class space    used 12819K, capacity 13898K, committed 14024K, reserved 1048576K
}
Event: 1832.285 GC heap before
{Heap before GC invocations=335 (full 22):
 garbage-first heap   total 340992K, used 167298K [0x0000000700000000, 0x0000000700100a68, 0x00000007c0000000)
  region size 1024K, 60 young (61440K), 1 survivors (1024K)
 Metaspace       used 91038K, capacity 97227K, committed 97480K, reserved 1132544K
  class space    used 12819K, capacity 13898K, committed 14024K, reserved 1048576K
}
Event: 1832.289 GC heap after
{Heap after GC invocations=336 (full 22):
 garbage-first heap   total 340992K, used 107635K [0x0000000700000000, 0x0000000700100a68, 0x00000007c0000000)
  region size 1024K, 2 young (2048K), 2 survivors (2048K)
 Metaspace       used 91038K, capacity 97227K, committed 97480K, reserved 1132544K
  class space    used 12819K, capacity 13898K, committed 14024K, reserved 1048576K
}
Event: 1850.797 GC heap before
{Heap before GC invocations=336 (full 22):
 garbage-first heap   total 340992K, used 167027K [0x0000000700000000, 0x0000000700100a68, 0x00000007c0000000)
  region size 1024K, 60 young (61440K), 2 survivors (2048K)
 Metaspace       used 91053K, capacity 97227K, committed 97480K, reserved 1132544K
  class space    used 12819K, capacity 13898K, committed 14024K, reserved 1048576K
}
Event: 1850.802 GC heap after
{Heap after GC invocations=337 (full 22):
 garbage-first heap   total 340992K, used 108520K [0x0000000700000000, 0x0000000700100a68, 0x00000007c0000000)
  region size 1024K, 3 young (3072K), 3 survivors (3072K)
 Metaspace       used 91053K, capacity 97227K, committed 97480K, reserved 1132544K
  class space    used 12819K, capacity 13898K, committed 14024K, reserved 1048576K
}
Event: 1860.304 GC heap before
{Heap before GC invocations=337 (full 22):
 garbage-first heap   total 340992K, used 166888K [0x0000000700000000, 0x0000000700100a68, 0x00000007c0000000)
  region size 1024K, 60 young (61440K), 3 survivors (3072K)
 Metaspace       used 91071K, capacity 97227K, committed 97480K, reserved 1132544K
  class space    used 12819K, capacity 13898K, committed 14024K, reserved 1048576K
}
Event: 1860.309 GC heap after
{Heap after GC invocations=338 (full 22):
 garbage-first heap   total 340992K, used 108255K [0x0000000700000000, 0x0000000700100a68, 0x00000007c0000000)
  region size 1024K, 3 young (3072K), 3 survivors (3072K)
 Metaspace       used 91071K, capacity 97227K, committed 97480K, reserved 1132544K
  class space    used 12819K, capacity 13898K, committed 14024K, reserved 1048576K
}

