# JRE version: Java(TM) SE Runtime Environment (9.0+11) (build 9.0.4+11)
# Java VM: Java HotSpot(TM) 64-Bit Server VM (9.0.4+11, mixed mode, tiered, compressed oops, g1 gc, windows-amd64)
Heap:
 garbage-first heap   total 253952K, used 192643K [0x0000000700000000, 0x00000007001007c0, 0x00000007c0000000)
  region size 1024K, 57 young (58368K), 2 survivors (2048K)
 Metaspace       used 96436K, capacity 103971K, committed 104060K, reserved 1138688K
  class space    used 13903K, capacity 15214K, committed 15228K, reserved 1048576K
GC Heap History (10 events):
Event: 2474.692 GC heap before
{Heap before GC invocations=558 (full 9):
 garbage-first heap   total 253952K, used 197074K [0x0000000700000000, 0x00000007001007c0, 0x00000007c0000000)
  region size 1024K, 60 young (61440K), 2 survivors (2048K)
 Metaspace       used 96333K, capacity 103875K, committed 104060K, reserved 1138688K
  class space    used 13887K, capacity 15182K, committed 15228K, reserved 1048576K
}
Event: 2474.697 GC heap after
{Heap after GC invocations=559 (full 9):
 garbage-first heap   total 253952K, used 137970K [0x0000000700000000, 0x00000007001007c0, 0x00000007c0000000)
  region size 1024K, 2 young (2048K), 2 survivors (2048K)
 Metaspace       used 96333K, capacity 103875K, committed 104060K, reserved 1138688K
  class space    used 13887K, capacity 15182K, committed 15228K, reserved 1048576K
}
Event: 2475.220 GC heap before
{Heap before GC invocations=559 (full 9):
 garbage-first heap   total 253952K, used 197362K [0x0000000700000000, 0x00000007001007c0, 0x00000007c0000000)
  region size 1024K, 60 young (61440K), 2 survivors (2048K)
 Metaspace       used 96333K, capacity 103875K, committed 104060K, reserved 1138688K
  class space    used 13887K, capacity 15182K, committed 15228K, reserved 1048576K
}
Event: 2475.226 GC heap after
{Heap after GC invocations=560 (full 9):
 garbage-first heap   total 253952K, used 138458K [0x0000000700000000, 0x00000007001007c0, 0x00000007c0000000)
  region size 1024K, 3 young (3072K), 3 survivors (3072K)
 Metaspace       used 96333K, capacity 103875K, committed 104060K, reserved 1138688K
  class space    used 13887K, capacity 15182K, committed 15228K, reserved 1048576K
}
Event: 2477.197 GC heap before
{Heap before GC invocations=560 (full 9):
 garbage-first heap   total 253952K, used 196826K [0x0000000700000000, 0x00000007001007c0, 0x00000007c0000000)
  region size 1024K, 60 young (61440K), 3 survivors (3072K)
 Metaspace       used 96334K, capacity 103875K, committed 104060K, reserved 1138688K
  class space    used 13887K, capacity 15182K, committed 15228K, reserved 1048576K
}
Event: 2477.203 GC heap after
{Heap after GC invocations=561 (full 9):
 garbage-first heap   total 253952K, used 138659K [0x0000000700000000, 0x00000007001007c0, 0x00000007c0000000)
  region size 1024K, 3 young (3072K), 3 survivors (3072K)
 Metaspace       used 96334K, capacity 103875K, committed 104060K, reserved 1138688K
  class space    used 13887K, capacity 15182K, committed 15228K, reserved 1048576K
}
Event: 2523.039 GC heap before
{Heap before GC invocations=561 (full 9):
 garbage-first heap   total 253952K, used 197027K [0x0000000700000000, 0x00000007001007c0, 0x00000007c0000000)
  region size 1024K, 60 young (61440K), 3 survivors (3072K)
 Metaspace       used 96341K, capacity 103875K, committed 104060K, reserved 1138688K
  class space    used 13887K, capacity 15182K, committed 15228K, reserved 1048576K
}
Event: 2523.044 GC heap after
{Heap after GC invocations=562 (full 9):
 garbage-first heap   total 253952K, used 137586K [0x0000000700000000, 0x00000007001007c0, 0x00000007c0000000)
  region size 1024K, 2 young (2048K), 2 survivors (2048K)
 Metaspace       used 96341K, capacity 103875K, committed 104060K, reserved 1138688K
  class space    used 13887K, capacity 15182K, committed 15228K, reserved 1048576K
}
Event: 2573.253 GC heap before
{Heap before GC invocations=562 (full 9):
 garbage-first heap   total 253952K, used 196978K [0x0000000700000000, 0x00000007001007c0, 0x00000007c0000000)
  region size 1024K, 60 young (61440K), 2 survivors (2048K)
 Metaspace       used 96350K, capacity 103875K, committed 104060K, reserved 1138688K
  class space    used 13887K, capacity 15182K, committed 15228K, reserved 1048576K
}
Event: 2573.257 GC heap after
{Heap after GC invocations=563 (full 9):
 garbage-first heap   total 253952K, used 137347K [0x0000000700000000, 0x00000007001007c0, 0x00000007c0000000)
  region size 1024K, 2 young (2048K), 2 survivors (2048K)
 Metaspace       used 96350K, capacity 103875K, committed 104060K, reserved 1138688K
  class space    used 13887K, capacity 15182K, committed 15228K, reserved 1048576K
}

