# JRE version: Java(TM) SE Runtime Environment (9.0+11) (build 9.0.4+11)
# Java VM: Java HotSpot(TM) 64-Bit Server VM (9.0.4+11, mixed mode, tiered, compressed oops, g1 gc, windows-amd64)
Heap:
 garbage-first heap   total 300032K, used 118097K [0x0000000700000000, 0x0000000700100928, 0x00000007c0000000)
  region size 1024K, 28 young (28672K), 2 survivors (2048K)
 Metaspace       used 89905K, capacity 91873K, committed 99196K, reserved 1134592K
  class space    used 12285K, capacity 12699K, committed 14204K, reserved 1048576K
GC Heap History (10 events):
Event: 59718.656 GC heap before
{Heap before GC invocations=764 (full 49):
 garbage-first heap   total 300032K, used 151582K [0x0000000700000000, 0x0000000700100928, 0x00000007c0000000)
  region size 1024K, 60 young (61440K), 1 survivors (1024K)
 Metaspace       used 89711K, capacity 91605K, committed 99196K, reserved 1134592K
  class space    used 12254K, capacity 12645K, committed 14204K, reserved 1048576K
}
Event: 59718.659 GC heap after
{Heap after GC invocations=765 (full 49):
 garbage-first heap   total 300032K, used 91186K [0x0000000700000000, 0x0000000700100928, 0x00000007c0000000)
  region size 1024K, 1 young (1024K), 1 survivors (1024K)
 Metaspace       used 89711K, capacity 91605K, committed 99196K, reserved 1134592K
  class space    used 12254K, capacity 12645K, committed 14204K, reserved 1048576K
}
Event: 59718.857 GC heap before
{Heap before GC invocations=765 (full 49):
 garbage-first heap   total 300032K, used 151602K [0x0000000700000000, 0x0000000700100928, 0x00000007c0000000)
  region size 1024K, 60 young (61440K), 1 survivors (1024K)
 Metaspace       used 89711K, capacity 91605K, committed 99196K, reserved 1134592K
  class space    used 12254K, capacity 12645K, committed 14204K, reserved 1048576K
}
Event: 59718.860 GC heap after
{Heap after GC invocations=766 (full 49):
 garbage-first heap   total 300032K, used 91123K [0x0000000700000000, 0x0000000700100928, 0x00000007c0000000)
  region size 1024K, 1 young (1024K), 1 survivors (1024K)
 Metaspace       used 89711K, capacity 91605K, committed 99196K, reserved 1134592K
  class space    used 12254K, capacity 12645K, committed 14204K, reserved 1048576K
}
Event: 59719.551 GC heap before
{Heap before GC invocations=766 (full 49):
 garbage-first heap   total 300032K, used 151539K [0x0000000700000000, 0x0000000700100928, 0x00000007c0000000)
  region size 1024K, 60 young (61440K), 1 survivors (1024K)
 Metaspace       used 89711K, capacity 91605K, committed 99196K, reserved 1134592K
  class space    used 12254K, capacity 12645K, committed 14204K, reserved 1048576K
}
Event: 59719.556 GC heap after
{Heap after GC invocations=767 (full 49):
 garbage-first heap   total 300032K, used 91210K [0x0000000700000000, 0x0000000700100928, 0x00000007c0000000)
  region size 1024K, 1 young (1024K), 1 survivors (1024K)
 Metaspace       used 89711K, capacity 91605K, committed 99196K, reserved 1134592K
  class space    used 12254K, capacity 12645K, committed 14204K, reserved 1048576K
}
Event: 59742.744 GC heap before
{Heap before GC invocations=767 (full 49):
 garbage-first heap   total 300032K, used 151626K [0x0000000700000000, 0x0000000700100928, 0x00000007c0000000)
  region size 1024K, 60 young (61440K), 1 survivors (1024K)
 Metaspace       used 89751K, capacity 91669K, committed 99196K, reserved 1134592K
  class space    used 12254K, capacity 12645K, committed 14204K, reserved 1048576K
}
Event: 59742.749 GC heap after
{Heap after GC invocations=768 (full 49):
 garbage-first heap   total 300032K, used 92531K [0x0000000700000000, 0x0000000700100928, 0x00000007c0000000)
  region size 1024K, 3 young (3072K), 3 survivors (3072K)
 Metaspace       used 89751K, capacity 91669K, committed 99196K, reserved 1134592K
  class space    used 12254K, capacity 12645K, committed 14204K, reserved 1048576K
}
Event: 59771.160 GC heap before
{Heap before GC invocations=768 (full 49):
 garbage-first heap   total 300032K, used 150899K [0x0000000700000000, 0x0000000700100928, 0x00000007c0000000)
  region size 1024K, 60 young (61440K), 3 survivors (3072K)
 Metaspace       used 89759K, capacity 91675K, committed 99196K, reserved 1134592K
  class space    used 12256K, capacity 12646K, committed 14204K, reserved 1048576K
}
Event: 59771.165 GC heap after
{Heap after GC invocations=769 (full 49):
 garbage-first heap   total 300032K, used 92497K [0x0000000700000000, 0x0000000700100928, 0x00000007c0000000)
  region size 1024K, 2 young (2048K), 2 survivors (2048K)
 Metaspace       used 89759K, capacity 91675K, committed 99196K, reserved 1134592K
  class space    used 12256K, capacity 12646K, committed 14204K, reserved 1048576K
}

